Drill Listing
=============
Drill: .03  Tool: 1  Feed: 197  Speed: 550
X 164000  Y 160000
X 244000  Y 160000
X 164700  Y 367600
X 164700  Y 397600
X 324000  Y 160000
X 404000  Y 160000

Drill: .035  Tool: 2  Feed: 197  Speed: 550
X 140000  Y 320000
X 180000  Y 320000
X 220000  Y 320000
X 180000  Y 330000
X 140000  Y 330000
X 220000  Y 330000
X 220000  Y 360000
X 220000  Y 400000
X 260000  Y 330000
X 300000  Y 330000
X 300000  Y 320000
X 260000  Y 320000
X 290000  Y 240000
X 340000  Y 320000
X 380000  Y 320000
X 380000  Y 330000
X 340000  Y 330000
X 350000  Y 370000
X 360000  Y 380000
X 350000  Y 390000
X 420000  Y 330000
X 420000  Y 320000

Drill: .037  Tool: 3  Feed: 197  Speed: 550
X 160000  Y 310000
X 200000  Y 310000
X 240000  Y 310000
X 255000  Y 362500
X 260000  Y 375000
X 260000  Y 385000
X 255000  Y 395000
X 260000  Y 450000
X 250000  Y 450000
X 260000  Y 460000
X 250000  Y 460000
X 280000  Y 460000
X 270000  Y 460000
X 310000  Y 460000
X 290000  Y 460000
X 300000  Y 460000
X 280000  Y 450000
X 270000  Y 450000
X 290000  Y 450000
X 310000  Y 450000
X 300000  Y 450000
X 280000  Y 390000
X 305000  Y 380000
X 292500  Y 370000
X 267500  Y 370000
X 280000  Y 367500
X 272500  Y 362500
X 267500  Y 347500
X 287500  Y 322500
X 272500  Y 322500
X 280000  Y 310000
X 330000  Y 322500

End of Listing
